<?xml version="1.0" encoding="UTF-8"?>
<testsuite name="guru.qa.FilesTest" tests="1" skipped="0" failures="0" errors="0" timestamp="2025-07-14T18:49:47" hostname="WIN-93OOUG3KSUQ" time="3.422">
  <properties/>
  <testcase name="unZipFileAndReadAll()" classname="guru.qa.FilesTest" time="3.422"/>
  <system-out><![CDATA[]]></system-out>
  <system-err><![CDATA[]]></system-err>
</testsuite>
